#-----------------------------------------------------------
# Vivado v2021.2 (64-bit)
# SW Build 3367213 on Tue Oct 19 02:48:09 MDT 2021
# IP Build 3369179 on Thu Oct 21 08:25:16 MDT 2021
# Start of session at: Tue Feb 11 11:36:01 2025
# Process ID: 13836
# Current directory: C:/Users/Public/AXI_Bus_Design/simple_bus_MMMS_with_SSP
# Command line: vivado.exe -gui_launcher_event rodinguilauncherevent32148 C:\Users\Public\AXI_Bus_Design\simple_bus_MMMS_with_SSP\simple_bus_MMMS_with_SSP.xpr
# Log file: C:/Users/Public/AXI_Bus_Design/simple_bus_MMMS_with_SSP/vivado.log
# Journal file: C:/Users/Public/AXI_Bus_Design/simple_bus_MMMS_with_SSP\vivado.jou
# Running On: LAPTOP-P4L0CG7N, OS: Windows, CPU Frequency: 3194 MHz, CPU Physical cores: 16, Host memory: 14877 MB
#-----------------------------------------------------------
start_gui
open_project C:/Users/Public/AXI_Bus_Design/simple_bus_MMMS_with_SSP/simple_bus_MMMS_with_SSP.xpr
INFO: [Common 17-41] Interrupt caught. Command should exit soon.
WARNING: [Board 49-26] cannot add Board Part xilinx.com:vck190_es:part0:1.3 available at C:/Xilinx/Vivado/2021.2/data/xhub/boards/XilinxBoardStore/boards/Xilinx/vck190/es/1.3/board.xml as part xcvc1902-vsva2197-2mp-e-s-es1 specified in board_part file is either invalid or not available
WARNING: [Board 49-26] cannot add Board Part xilinx.com:vmk180_es:part0:1.3 available at C:/Xilinx/Vivado/2021.2/data/xhub/boards/XilinxBoardStore/boards/Xilinx/vmk180/es/1.3/board.xml as part xcvm1802-vsva2197-2mp-e-s-es1 specified in board_part file is either invalid or not available
WARNING: [Board 49-26] cannot add Board Part xilinx.com:vpk120_es:part0:1.2 available at C:/Xilinx/Vivado/2021.2/data/xhub/boards/XilinxBoardStore/boards/Xilinx/vpk120/es/1.2/board.xml as part xcvp1202-vsva2785-2mp-e-s-es1 specified in board_part file is either invalid or not available
WARNING: [Board 49-26] cannot add Board Part xilinx.com:zcu208ld:part0:2.0 available at C:/Xilinx/Vivado/2021.2/data/xhub/boards/XilinxBoardStore/boards/Xilinx/zcu208ld/production/2.0/board.xml as part xczu58dr-fsvg1517-2-i specified in board_part file is either invalid or not available
WARNING: [Board 49-26] cannot add Board Part xilinx.com:zcu208ld_es:part0:1.0 available at C:/Xilinx/Vivado/2021.2/data/xhub/boards/XilinxBoardStore/boards/Xilinx/zcu208ld/es/1.0/board.xml as part xczu58dr-fsvg1517-2-i-es1 specified in board_part file is either invalid or not available
WARNING: [Board 49-26] cannot add Board Part xilinx.com:zcu216ld:part0:2.0 available at C:/Xilinx/Vivado/2021.2/data/xhub/boards/XilinxBoardStore/boards/Xilinx/zcu216ld/production/2.0/board.xml as part xczu59dr-ffvf1760-2-i specified in board_part file is either invalid or not available
WARNING: [Board 49-26] cannot add Board Part xilinx.com:zcu216ld_es:part0:1.0 available at C:/Xilinx/Vivado/2021.2/data/xhub/boards/XilinxBoardStore/boards/Xilinx/zcu216ld/es/1.0/board.xml as part xczu59dr-ffvf1760-2-i-es1 specified in board_part file is either invalid or not available
WARNING: [Board 49-26] cannot add Board Part xilinx.com:zcu670:part0:1.0 available at C:/Xilinx/Vivado/2021.2/data/xhub/boards/XilinxBoardStore/boards/Xilinx/zcu670/1.0/board.xml as part xczu67dr-fsve1156-2-i specified in board_part file is either invalid or not available
INFO: [Common 17-344] 'open_project' was cancelled
exit
INFO: [Common 17-206] Exiting Vivado at Tue Feb 11 11:36:25 2025...
ince last save.
INFO: [filemgmt 56-2] Default IP Output Path : Could not find the directory 'C:/Users/Public/AXI_Bus_Design/simple_bus_MMMS_with_SSP/simple_bus_MMMS_with_SSP.gen/sources_1', nor could it be found using path 'C:/Users/Hansa Niluka/OneDrive - University of Moratuwa/semster 07/4.EN4021 - Advanced Digital Systems/Bus-Desingn/simple_bus_MMMS_with_SSP/simple_bus_MMMS_with_SSP.gen/sources_1'.
Scanning sources...
Finished scanning sources
INFO: [IP_Flow 19-234] Refreshing IP repositories
INFO: [IP_Flow 19-1704] No user IP repositories specified
INFO: [IP_Flow 19-2313] Loaded Vivado IP repository 'C:/Xilinx/Vivado/2021.2/data/ip'.
open_project: Time (s): cpu = 00:00:23 ; elapsed = 00:00:09 . Memory (MB): peak = 1567.121 ; gain = 0.000
update_compile_order -fileset sources_1
launch_runs synth_1 -jobs 4
WARNING: [Vivado 12-7122] Auto Incremental Compile:: No reference checkpoint was found in run synth_1. Auto-incremental flow will not be run, the standard flow will be run instead.
[Tue Feb 11 11:36:27 2025] Launched synth_1...
Run output will be captured here: C:/Users/Public/AXI_Bus_Design/simple_bus_MMMS_with_SSP/simple_bus_MMMS_with_SSP.runs/synth_1/runme.log
launch_runs impl_1 -jobs 4
[Tue Feb 11 11:39:21 2025] Launched impl_1...
Run output will be captured here: C:/Users/Public/AXI_Bus_Design/simple_bus_MMMS_with_SSP/simple_bus_MMMS_with_SSP.runs/impl_1/runme.log
exit
INFO: [Common 17-206] Exiting Vivado at Tue Feb 11 11:54:27 2025...
